Removed Pin From Net: NetName=MCU_RELAY5 Pin=U6-1
Removed Pin From Net: NetName=MCU_RELAY4 Pin=U6-2
Removed Pin From Net: NetName=MCU_RELAY3 Pin=U6-3
Removed Pin From Net: NetName=MCU_RELAY2 Pin=U6-4
Removed Pin From Net: NetName=MCU_RELAY1 Pin=U6-5
Removed Pin From Net: NetName=NetJ7_2 Pin=U6-36
Removed Pin From Net: NetName=LED_3 Pin=U6-38
Removed Pin From Net: NetName=LED_2 Pin=U6-39
Removed Pin From Net: NetName=LED_1 Pin=U6-40
Removed Pin From Net: NetName=IN_DROP Pin=U6-41
Removed Pin From Net: NetName=IN_EMPTY Pin=U6-42
Removed Pin From Net: NetName=IN_DOOR Pin=U6-43
Removed Pin From Net: NetName=MODEM_KEY Pin=U6-44
Removed Pin From Net: NetName=NetR5_2 Pin=U6-45
Removed Pin From Net: NetName=MODEM_RST Pin=U6-46
Added Pin To Net: NetName=NetJ7_2 Pin=U6-23
Added Pin To Net: NetName=LED_3 Pin=U6-33
Added Pin To Net: NetName=LED_2 Pin=U6-34
Added Pin To Net: NetName=LED_1 Pin=U6-35
Added Pin To Net: NetName=IN_DROP Pin=U6-36
Added Pin To Net: NetName=IN_EMPTY Pin=U6-37
Added Pin To Net: NetName=IN_DOOR Pin=U6-38
Added Pin To Net: NetName=MODEM_KEY Pin=U6-39
Added Pin To Net: NetName=NetR5_2 Pin=U6-40
Added Pin To Net: NetName=MODEM_RST Pin=U6-41
Added Pin To Net: NetName=MCU_RELAY5 Pin=U6-42
Added Pin To Net: NetName=MCU_RELAY4 Pin=U6-43
Added Pin To Net: NetName=MCU_RELAY3 Pin=U6-44
Added Pin To Net: NetName=MCU_RELAY2 Pin=U6-45
Added Pin To Net: NetName=MCU_RELAY1 Pin=U6-46
