Added Component: Designator=J4(XH2.54-6P-RA)
Add component (AddParameter): Name = "LatestRevisionDate"; Value = "17-Jul-2002"; VariantName = "[No Variations]"
Add component (AddParameter): Name = "LatestRevisionNote"; Value = "Re-released for DXP Platform."; VariantName = "[No Variations]"
Add component (AddParameter): Name = "Publisher"; Value = "Altium Limited"; VariantName = "[No Variations]"
Add component (AddParameter): Name = "Supplier 1"; Value = "Arrow Electronics"; VariantName = "[No Variations]"
Add component (AddParameter): Name = "Supplier Part Number 1"; Value = "S6B-XH-A(LF)(SN)"; VariantName = "[No Variations]"
Added Component: Designator=J7(XH2.54-3P-RA)
Add component (AddParameter): Name = "LatestRevisionDate"; Value = "17-Jul-2002"; VariantName = "[No Variations]"
Add component (AddParameter): Name = "LatestRevisionNote"; Value = "Re-released for DXP Platform."; VariantName = "[No Variations]"
Add component (AddParameter): Name = "Publisher"; Value = "Altium Limited"; VariantName = "[No Variations]"
Added Pin To Net: NetName=DGND Pin=J4-1
Added Pin To Net: NetName=INPUT1 Pin=J4-2
Added Pin To Net: NetName=INPUT2 Pin=J4-3
Added Pin To Net: NetName=INPUT3 Pin=J4-4
Added Pin To Net: NetName=INPUT4 Pin=J4-5
Added Pin To Net: NetName=INPUT5 Pin=J4-6
Added Pin To Net: NetName=DGND Pin=J7-1
Added Pin To Net: NetName=NetJ7_2 Pin=J7-2
Added Pin To Net: NetName=3V3 Pin=J7-3
Added Member To Class: ClassName=02-Insence_interface Member=Component J4 XH2.54-6P
Added Member To Class: ClassName=02-Insence_interface Member=Component J7 XH2.54-5P
