Removed Pin From Net: NetName=V_motor Pin=R49-2
Removed Pin From Net: NetName=V_motor Pin=R49-3
Change Component Footprint: Designator=R49 Old Footprint=VR5 New Footprint=R_POT_RA
Change Component Description : Designator=R47 Old Description=RES 560K OHM 1% 1/10W 0603 New Description=RES 390K OHM 1% 1/10W 0603
Change Component Description : Designator=R48 Old Description=RES SMD,10K OHM 5% 1/10W 0603 New Description=RES SMD,15K OHM 5% 1/10W 0603
Change Component Description : Designator=R53 Old Description=RES SMD,10K OHM 5% 1/10W 0603 New Description=RES SMD,33K OHM 5% 1/10W 0603
Change Component Description : Designator=R49 Old Description=VR 105-1M 3296W New Description=VR 3006P-1-503
Change component parameters: Designator = "R47" ("R47"); Footprint = "res 0603"; UniqueID = "\ERGHXHLF" ("\ERGHXHLF")
Change component parameters (AddParameter): Name = "LatestRevisionDate"; Value = "17-Jul-2002"; VariantName = "[No Variations]"
Change component parameters (AddParameter): Name = "LatestRevisionNote"; Value = "Re-released for DXP Platform."; VariantName = "[No Variations]"
Change component parameters (AddParameter): Name = "MANUFACTURER1"; Value = "YAGEO"; VariantName = "[No Variations]"
Change component parameters (AddParameter): Name = "MANUFACTURER1_PART#"; Value = "RC0603FR-07390KL"; VariantName = "[No Variations]"
Change component parameters (AddParameter): Name = "PackageDescription"; Value = "Axial Device, Thru-Hole; 2 Leads; 0.3 in Pin Spacing"; VariantName = "[No Variations]"
Change component parameters (AddParameter): Name = "PackageReference"; Value = "AXIAL-0.3"; VariantName = "[No Variations]"
Change component parameters (AddParameter): Name = "Published"; Value = "8-Jun-2000"; VariantName = "[No Variations]"
Change component parameters (AddParameter): Name = "Publisher"; Value = "Altium Limited"; VariantName = "[No Variations]"
Change component parameters (AddParameter): Name = "Value"; Value = "390K"; VariantName = "[No Variations]"
Change component parameters: Designator = "R48" ("R48"); Footprint = "res 0603"; UniqueID = "\GBOMTXQC" ("\GBOMTXQC")
Change component parameters (AddParameter): Name = "LatestRevisionDate"; Value = "17-Jul-2002"; VariantName = "[No Variations]"
Change component parameters (AddParameter): Name = "LatestRevisionNote"; Value = "Re-released for DXP Platform."; VariantName = "[No Variations]"
Change component parameters (AddParameter): Name = "MANUFACTURER1"; Value = "Stackpole Electronics Inc"; VariantName = "[No Variations]"
Change component parameters (AddParameter): Name = "MANUFACTURER1_PART#"; Value = "RMCF0603JT15K0"; VariantName = "[No Variations]"
Change component parameters (AddParameter): Name = "PackageDescription"; Value = "Axial Device, Thru-Hole; 2 Leads; 0.3 in Pin Spacing"; VariantName = "[No Variations]"
Change component parameters (AddParameter): Name = "PackageReference"; Value = "AXIAL-0.3"; VariantName = "[No Variations]"
Change component parameters (AddParameter): Name = "Published"; Value = "8-Jun-2000"; VariantName = "[No Variations]"
Change component parameters (AddParameter): Name = "Publisher"; Value = "Altium Limited"; VariantName = "[No Variations]"
Change component parameters (AddParameter): Name = "Value"; Value = "15k"; VariantName = "[No Variations]"
Change component parameters: Designator = "R53" ("R53"); Footprint = "res 0603"; UniqueID = "\GSUEECOT" ("\GSUEECOT")
Change component parameters (AddParameter): Name = "LatestRevisionDate"; Value = "17-Jul-2002"; VariantName = "[No Variations]"
Change component parameters (AddParameter): Name = "LatestRevisionNote"; Value = "Re-released for DXP Platform."; VariantName = "[No Variations]"
Change component parameters (AddParameter): Name = "MANUFACTURER1"; Value = "Stackpole Electronics Inc"; VariantName = "[No Variations]"
Change component parameters (AddParameter): Name = "MANUFACTURER1_PART#"; Value = "RMCF0603JT33K0"; VariantName = "[No Variations]"
Change component parameters (AddParameter): Name = "PackageDescription"; Value = "Axial Device, Thru-Hole; 2 Leads; 0.3 in Pin Spacing"; VariantName = "[No Variations]"
Change component parameters (AddParameter): Name = "PackageReference"; Value = "AXIAL-0.3"; VariantName = "[No Variations]"
Change component parameters (AddParameter): Name = "Published"; Value = "8-Jun-2000"; VariantName = "[No Variations]"
Change component parameters (AddParameter): Name = "Publisher"; Value = "Altium Limited"; VariantName = "[No Variations]"
Change component parameters (AddParameter): Name = "Value"; Value = "33k"; VariantName = "[No Variations]"
Change component parameters: Designator = "R49" ("R49"); Footprint = "VR5"; UniqueID = "\VEPUCKHV" ("\VEPUCKHV")
Change component parameters (AddParameter): Name = "LatestRevisionDate"; Value = "17-Jul-2002"; VariantName = "[No Variations]"
Change component parameters (AddParameter): Name = "LatestRevisionNote"; Value = "Re-released for DXP Platform."; VariantName = "[No Variations]"
Change component parameters (AddParameter): Name = "MANUFACTURER1"; Value = "https://banlinhkien.com/bien-tro-50k-3006p503-p6651084.html"; VariantName = "[No Variations]"
Change component parameters (AddParameter): Name = "MANUFACTURER1_PART#"; Value = "3006P-1-503"; VariantName = "[No Variations]"
Change component parameters (AddParameter): Name = "PackageDescription"; Value = "Variable Resistor, Thru-Hole; 3 Leads"; VariantName = "[No Variations]"
Change component parameters (AddParameter): Name = "PackageReference"; Value = "VR5"; VariantName = "[No Variations]"
Change component parameters (AddParameter): Name = "Published"; Value = "8-Jun-2000"; VariantName = "[No Variations]"
Change component parameters (AddParameter): Name = "Publisher"; Value = "Altium Limited"; VariantName = "[No Variations]"
Change component parameters (AddParameter): Name = "Set Position"; Value = "0.5"; VariantName = "[No Variations]"
Change component parameters (AddParameter): Name = "Sim Note"; Value = "Enter the Resistance value and the set point into parameter fields."; VariantName = "[No Variations]"
Change component parameters (AddParameter): Name = "Value"; Value = "50K"; VariantName = "[No Variations]"
Added Pin To Net: NetName=DGND Pin=R49-2
Added Pin To Net: NetName=DGND Pin=R49-3
