Removed Pin From Net: NetName=LED_1 Pin=U6-82
Removed Pin From Net: NetName=LED_2 Pin=U6-84
Removed Pin From Net: NetName=LED_3 Pin=U6-85
Removed Pin From Net: NetName=NetC43_2 Pin=U6-86
Removed Pin From Net: NetName=NetC45_2 Pin=U6-87
Removed Pin From Net: NetName=NetC44_2 Pin=U6-88
Removed Pin From Net: NetName=NetC41_2 Pin=U6-90
Removed Pin From Net: NetName=IN_DOOR Pin=U6-91
Removed Pin From Net: NetName=IN_DROP Pin=U6-92
Removed Pin From Net: NetName=IN_EMPTY Pin=U6-93
Added Pin To Net: NetName=IN_DROP Pin=U6-82
Added Pin To Net: NetName=IN_EMPTY Pin=U6-84
Added Pin To Net: NetName=IN_DOOR Pin=U6-85
Added Pin To Net: NetName=NetC41_2 Pin=U6-86
Added Pin To Net: NetName=NetC43_2 Pin=U6-87
Added Pin To Net: NetName=NetC45_2 Pin=U6-88
Added Pin To Net: NetName=NetC44_2 Pin=U6-90
Added Pin To Net: NetName=LED_3 Pin=U6-91
Added Pin To Net: NetName=LED_2 Pin=U6-92
Added Pin To Net: NetName=LED_1 Pin=U6-93
