Removed Pin From Net: NetName=KP_COL4 Pin=U6-57
Removed Pin From Net: NetName=KP_ROW4 Pin=U6-58
Removed Pin From Net: NetName=KP_COL3 Pin=U6-59
Removed Pin From Net: NetName=KP_ROW3 Pin=U6-60
Removed Pin From Net: NetName=KP_COL2 Pin=U6-61
Removed Pin From Net: NetName=KP_ROW2 Pin=U6-62
Removed Pin From Net: NetName=KP_COL1 Pin=U6-63
Removed Pin From Net: NetName=KP_ROW1 Pin=U6-64
Removed Pin From Net: NetName=LED_3 Pin=U6-91
Removed Pin From Net: NetName=LED_2 Pin=U6-92
Removed Pin From Net: NetName=LED_1 Pin=U6-93
Added Pin To Net: NetName=LED_3 Pin=U6-62
Added Pin To Net: NetName=LED_2 Pin=U6-63
Added Pin To Net: NetName=LED_1 Pin=U6-64
Added Pin To Net: NetName=KP_COL4 Pin=U6-86
Added Pin To Net: NetName=KP_ROW4 Pin=U6-87
Added Pin To Net: NetName=KP_COL3 Pin=U6-88
Added Pin To Net: NetName=KP_ROW3 Pin=U6-89
Added Pin To Net: NetName=KP_COL2 Pin=U6-90
Added Pin To Net: NetName=KP_ROW2 Pin=U6-91
Added Pin To Net: NetName=KP_COL1 Pin=U6-92
Added Pin To Net: NetName=KP_ROW1 Pin=U6-93
