Removed Pin From Net: NetName=GND Pin=C12-2
Removed Pin From Net: NetName=GND Pin=C13-1
Removed Pin From Net: NetName=GND Pin=C14-1
Removed Pin From Net: NetName=GND Pin=C15-2
Removed Pin From Net: NetName=GND Pin=C16-2
Removed Pin From Net: NetName=GND Pin=C17-2
Removed Pin From Net: NetName=GND Pin=C18-2
Removed Pin From Net: NetName=GND Pin=C20-2
Removed Pin From Net: NetName=GND Pin=C21-2
Removed Pin From Net: NetName=GND Pin=C22-2
Removed Pin From Net: NetName=GND Pin=C23-2
Removed Pin From Net: NetName=GND Pin=C33-2
Removed Pin From Net: NetName=GND Pin=C61-1
Removed Pin From Net: NetName=GND Pin=C62-1
Removed Pin From Net: NetName=GND Pin=C65-2
Removed Pin From Net: NetName=GND Pin=C69-2
Removed Pin From Net: NetName=GND Pin=C71-1
Removed Pin From Net: NetName=GND Pin=C73-2
Removed Pin From Net: NetName=GND Pin=C74-2
Removed Pin From Net: NetName=DGND Pin=P8-1
Removed Pin From Net: NetName=DGND Pin=P8-2
Removed Pin From Net: NetName=GND Pin=R4-2
Removed Pin From Net: NetName=LCD_UART_RX Pin=R15-1
Removed Pin From Net: NetName=LCD_UART_TX Pin=R17-1
Removed Pin From Net: NetName=GND Pin=U1-1
Removed Pin From Net: NetName=GND Pin=U2-1
Removed Pin From Net: NetName=GND Pin=U3-1
Removed Pin From Net: NetName=GND Pin=U6-10
Removed Pin From Net: NetName=GND Pin=U6-19
Removed Pin From Net: NetName=GND Pin=U6-20
Removed Pin From Net: NetName=GND Pin=U6-27
Removed Pin From Net: NetName=GND Pin=U6-49
Removed Pin From Net: NetName=GND Pin=U6-74
Removed Pin From Net: NetName=GND Pin=U6-94
Removed Pin From Net: NetName=GND Pin=U6-99
Removed Pin From Net: NetName=GND Pin=U7-4
Removed Member From Class: ClassName=02-Insence_interface Member=R15
Removed Member From Class: ClassName=02-Insence_interface Member=R17
Added Component: Designator=J8(HDR1X3)
Add component (AddParameter): Name = "LatestRevisionDate"; Value = "17-Jul-2002"; VariantName = "[No Variations]"
Add component (AddParameter): Name = "LatestRevisionNote"; Value = "Re-released for DXP Platform."; VariantName = "[No Variations]"
Add component (AddParameter): Name = "Publisher"; Value = "Altium Limited"; VariantName = "[No Variations]"
Added Pin To Net: NetName=DGND Pin=C12-2
Added Pin To Net: NetName=DGND Pin=C13-1
Added Pin To Net: NetName=DGND Pin=C14-1
Added Pin To Net: NetName=DGND Pin=C15-2
Added Pin To Net: NetName=DGND Pin=C16-2
Added Pin To Net: NetName=DGND Pin=C17-2
Added Pin To Net: NetName=DGND Pin=C18-2
Added Pin To Net: NetName=DGND Pin=C20-2
Added Pin To Net: NetName=DGND Pin=C21-2
Added Pin To Net: NetName=DGND Pin=C22-2
Added Pin To Net: NetName=DGND Pin=C23-2
Added Pin To Net: NetName=DGND Pin=C33-2
Added Pin To Net: NetName=DGND Pin=C61-1
Added Pin To Net: NetName=DGND Pin=C62-1
Added Pin To Net: NetName=DGND Pin=C65-2
Added Pin To Net: NetName=DGND Pin=C69-2
Added Pin To Net: NetName=DGND Pin=C71-1
Added Pin To Net: NetName=DGND Pin=C73-2
Added Pin To Net: NetName=DGND Pin=C74-2
Added Pin To Net: NetName=DGND Pin=J8-1
Added Pin To Net: NetName=TX_DEBUG Pin=J8-2
Added Pin To Net: NetName=RX_DEBUG Pin=J8-3
Added Pin To Net: NetName=DGND Pin=R4-2
Added Pin To Net: NetName=DGND Pin=U1-1
Added Pin To Net: NetName=DGND Pin=U2-1
Added Pin To Net: NetName=DGND Pin=U3-1
Added Pin To Net: NetName=DGND Pin=U6-10
Added Pin To Net: NetName=DGND Pin=U6-19
Added Pin To Net: NetName=DGND Pin=U6-20
Added Pin To Net: NetName=DGND Pin=U6-27
Added Pin To Net: NetName=DGND Pin=U6-49
Added Pin To Net: NetName=DGND Pin=U6-74
Added Pin To Net: NetName=DGND Pin=U6-94
Added Pin To Net: NetName=DGND Pin=U6-99
Added Pin To Net: NetName=DGND Pin=U7-4
Added Pin To Net: NetName=NetR21_2 Pin=R21-2
Added Pin To Net: NetName=NetR21_2 Pin=U6-47
Added Net: Name=NetR21_2
Added Pin To Net: NetName=NetR24_2 Pin=R24-2
Added Pin To Net: NetName=NetR24_2 Pin=U6-48
Added Net: Name=NetR24_2
Added Member To Class: ClassName=02-Insence_interface Member=Component J8 XH2.54-5P
Change Room Name: Old Name=Room1 New Name=03_Incense_4G
Change Room Scope: Old Scope=False New Scope=InComponentClass('03_Incense_4G')
